<?xml version="1.0" encoding="UTF-8"?>
<testng-results total="1" passed="1" failed="0" skipped="0">
  <reporter-output>
  </reporter-output>
  <suite started-at="2022-12-13T14:43:11Z" name="Default suite" finished-at="2022-12-13T14:45:56Z" duration-ms="164574">
    <groups>
    </groups>
    <test started-at="2022-12-13T14:43:11Z" name="Default test" finished-at="2022-12-13T14:45:56Z" duration-ms="164574">
      <class name="booking_testcases.booking_testcases">
        <test-method is-config="true" signature="open_browser()[pri:0, instance:booking_testcases.booking_testcases@65d09a04]" started-at="2022-12-13T16:43:11Z" name="open_browser" finished-at="2022-12-13T16:43:52Z" duration-ms="40286" status="PASS">
          <reporter-output>
          </reporter-output>
        </test-method> <!-- open_browser -->
        <test-method signature="f(java.lang.String, java.lang.String, java.lang.String, java.lang.String)[pri:0, instance:booking_testcases.booking_testcases@65d09a04]" started-at="2022-12-13T16:43:52Z" name="f" finished-at="2022-12-13T16:45:56Z" duration-ms="124278" status="PASS">
          <params>
            <param index="0">
              <value>
                <![CDATA[Booking1]]>
              </value>
            </param>
            <param index="1">
              <value>
                <![CDATA[bookingdoctor1]]>
              </value>
            </param>
            <param index="2">
              <value>
                <![CDATA[50]]>
              </value>
            </param>
            <param index="3">
              <value>
                <![CDATA[15]]>
              </value>
            </param>
          </params>
          <reporter-output>
          </reporter-output>
        </test-method> <!-- f -->
        <test-method is-config="true" signature="close_browser()[pri:0, instance:booking_testcases.booking_testcases@65d09a04]" started-at="2022-12-13T16:45:56Z" name="close_browser" finished-at="2022-12-13T16:45:56Z" duration-ms="0" status="PASS">
          <reporter-output>
          </reporter-output>
        </test-method> <!-- close_browser -->
      </class> <!-- booking_testcases.booking_testcases -->
    </test> <!-- Default test -->
  </suite> <!-- Default suite -->
</testng-results>
