<?xml version="1.0" encoding="UTF-8"?>
<testng-results total="2" passed="2" failed="0" skipped="0">
  <reporter-output>
  </reporter-output>
  <suite started-at="2022-12-06T14:31:09Z" name="Default suite" finished-at="2022-12-06T14:32:09Z" duration-ms="59857">
    <groups>
    </groups>
    <test started-at="2022-12-06T14:31:09Z" name="Default test" finished-at="2022-12-06T14:32:09Z" duration-ms="59857">
      <class name="nandbox_register.login">
        <test-method is-config="true" signature="open_browser()[pri:0, instance:nandbox_register.login@5aebe890]" started-at="2022-12-06T16:31:09Z" name="open_browser" finished-at="2022-12-06T16:31:34Z" duration-ms="24894" status="PASS">
          <reporter-output>
          </reporter-output>
        </test-method> <!-- open_browser -->
        <test-method signature="login1()[pri:1, instance:nandbox_register.login@5aebe890]" started-at="2022-12-06T16:31:34Z" name="login1" finished-at="2022-12-06T16:31:46Z" duration-ms="11681" status="PASS">
          <reporter-output>
          </reporter-output>
        </test-method> <!-- login1 -->
        <test-method signature="create_event()[pri:2, instance:nandbox_register.login@5aebe890]" started-at="2022-12-06T16:31:46Z" name="create_event" finished-at="2022-12-06T16:32:09Z" duration-ms="23256" status="PASS">
          <reporter-output>
          </reporter-output>
        </test-method> <!-- create_event -->
        <test-method is-config="true" signature="close_browser()[pri:0, instance:nandbox_register.login@5aebe890]" started-at="2022-12-06T16:32:09Z" name="close_browser" finished-at="2022-12-06T16:32:09Z" duration-ms="1" status="PASS">
          <reporter-output>
          </reporter-output>
        </test-method> <!-- close_browser -->
      </class> <!-- nandbox_register.login -->
    </test> <!-- Default test -->
  </suite> <!-- Default suite -->
</testng-results>
